<?xml version="1.0" encoding="UTF-8"?>
<!-- Generated by org.testng.reporters.JUnitReportReporter -->
<testsuite hostname="systems-MacBook-Pro.local" failures="0" tests="4" name="automation.BookTickets" time="28.564" errors="0" timestamp="27 Mar 2019 18:04:39 GMT" skipped="0">
  <testcase classname="automation.BookTickets" name="selectShow" time="5.945"/>
  <testcase classname="automation.BookTickets" name="selectDate" time="6.605"/>
  <testcase classname="automation.BookTickets" name="selectSeat" time="1.709"/>
  <testcase classname="automation.BookTickets" name="checkOut" time="14.305"/>
</testsuite> <!-- automation.BookTickets -->
